<?xml version="1.0" encoding="UTF-8"?>
<!-- Generated by org.testng.reporters.JUnitReportReporter -->
<testsuite hostname="Ashok" failures="0" tests="1" name="pom.Logintest" time="2.198" errors="0" timestamp="2024-11-26T11:51:21 IST" skipped="0">
  <testcase classname="pom.Logintest" name="testLogin" time="2.198"/>
</testsuite> <!-- pom.Logintest -->
