<?xml version="1.0" encoding="UTF-8"?>
<!-- Generated by org.testng.reporters.JUnitReportReporter -->
<testsuite hostname="Ashok" failures="0" tests="3" name="gvpparalleltesting.SmokeTest" time="0.014" errors="0" timestamp="2024-11-24T13:36:36 IST" skipped="0">
  <testcase classname="gvpparalleltesting.SmokeTest" name="test1" time="0.010"/>
  <testcase classname="gvpparalleltesting.SmokeTest" name="test2" time="0.001"/>
  <testcase classname="gvpparalleltesting.SmokeTest" name="test3" time="0.003"/>
</testsuite> <!-- gvpparalleltesting.SmokeTest -->
